[+0.00s] DEBUG: Logging to /var/log/lightdm/lightdm.log
[+0.00s] DEBUG: Starting Light Display Manager 1.22.0, UID=0 PID=925
[+0.00s] DEBUG: Loading configuration dirs from /usr/share/lightdm/lightdm.conf.d
[+0.00s] DEBUG: Loading configuration from /usr/share/lightdm/lightdm.conf.d/45-unity8.conf
[+0.00s] DEBUG: Loading configuration from /usr/share/lightdm/lightdm.conf.d/50-disable-log-backup.conf
[+0.00s] DEBUG: Loading configuration from /usr/share/lightdm/lightdm.conf.d/50-greeter-wrapper.conf
[+0.00s] DEBUG: Loading configuration from /usr/share/lightdm/lightdm.conf.d/50-guest-wrapper.conf
[+0.00s] DEBUG: Loading configuration from /usr/share/lightdm/lightdm.conf.d/50-ubuntu.conf
[+0.00s] DEBUG: Loading configuration from /usr/share/lightdm/lightdm.conf.d/50-unity-greeter.conf
[+0.00s] DEBUG: Loading configuration from /usr/share/lightdm/lightdm.conf.d/50-xserver-command.conf
[+0.00s] DEBUG: Loading configuration dirs from /usr/local/share/lightdm/lightdm.conf.d
[+0.00s] DEBUG: Loading configuration dirs from /etc/xdg/lightdm/lightdm.conf.d
[+0.00s] DEBUG: Loading configuration from /etc/lightdm/lightdm.conf
[+0.00s] DEBUG: Registered seat module local
[+0.00s] DEBUG: Registered seat module xremote
[+0.00s] DEBUG: Registered seat module unity
[+0.00s] DEBUG: Using D-Bus name org.freedesktop.DisplayManager
[+0.01s] DEBUG: Monitoring logind for seats
[+0.01s] DEBUG: New seat added from logind: seat0
[+0.01s] DEBUG: Seat seat0: Loading properties from config section Seat:*
[+0.01s] DEBUG: Seat seat0: Starting
[+0.01s] DEBUG: Seat seat0: Creating user session
[+0.01s] DEBUG: Loading users from org.freedesktop.Accounts
[+0.01s] DEBUG: User /org/freedesktop/Accounts/User1000 added
[+0.04s] DEBUG: Seat seat0: Creating display server of type x
[+0.04s] DEBUG: Seat seat0: Plymouth is running on VT 1, but this is less than the configured minimum of 7 so not replacing it
[+0.04s] DEBUG: Quitting Plymouth
[+0.07s] DEBUG: Using VT 7
[+0.07s] DEBUG: Seat seat0: Starting local X display on VT 7
[+0.07s] DEBUG: XServer 0: Logging to /var/log/lightdm/x-0.log
[+0.07s] DEBUG: XServer 0: Writing X server authority to /var/run/lightdm/root/:0
[+0.07s] DEBUG: XServer 0: Launching X Server
[+0.07s] DEBUG: Launching process 940: /usr/bin/X -core :0 -seat seat0 -auth /var/run/lightdm/root/:0 -nolisten tcp vt7 -novtswitch
[+0.07s] DEBUG: XServer 0: Waiting for ready signal from X server :0
[+0.07s] DEBUG: Acquired bus name org.freedesktop.DisplayManager
[+0.07s] DEBUG: Registering seat with bus path /org/freedesktop/DisplayManager/Seat0
[+0.67s] DEBUG: Got signal 10 from process 940
[+0.67s] DEBUG: XServer 0: Got signal from X server :0
[+0.67s] DEBUG: XServer 0: Connecting to XServer :0
[+0.68s] DEBUG: Seat seat0: Display server ready, starting session authentication
[+0.68s] DEBUG: Session pid=997: Started with service 'lightdm-autologin', username 'user'
[+0.69s] DEBUG: Session pid=997: Authentication complete with return value 0: Success
[+0.69s] DEBUG: Seat seat0: Session authenticated, running command
[+0.69s] DEBUG: Registering session with bus path /org/freedesktop/DisplayManager/Session0
[+0.69s] DEBUG: Session pid=997: Running command /usr/bin/lightdm-unity8-session /usr/lib/gnome-session/run-systemd-session ubuntu-session.target
[+0.69s] DEBUG: Creating shared data directory /var/lib/lightdm-data/user
[+0.69s] DEBUG: Session pid=997: Logging to .xsession-errors
[+0.72s] DEBUG: Activating VT 7
[+0.72s] DEBUG: Activating login1 session c1
[+0.72s] DEBUG: Seat seat0 changes active session to c1
[+0.72s] DEBUG: Session c1 is already active
