Jun 20 14:34:53 virtualbox systemd-logind[448]: Watching system buttons on /dev/input/event0 (Power Button)
Jun 20 14:34:53 virtualbox systemd-logind[448]: Watching system buttons on /dev/input/event1 (Sleep Button)
Jun 20 14:34:53 virtualbox systemd-logind[448]: Watching system buttons on /dev/input/event3 (Video Bus)
Jun 20 14:34:53 virtualbox systemd-logind[448]: New seat seat0.
Jun 20 14:34:53 virtualbox systemd-logind[448]: Watching system buttons on /dev/input/event3 (Video Bus)
Jun 20 14:34:54 virtualbox lightdm: pam_unix(lightdm-autologin:session): session opened for user user by (uid=0)
Jun 20 14:34:54 virtualbox systemd: pam_unix(systemd-user:session): session opened for user user by (uid=0)
Jun 20 14:34:54 virtualbox systemd-logind[448]: New session c1 of user user.
Jun 20 14:34:55 virtualbox gnome-keyring-daemon[1252]: couldn't access control socket: /run/user/1000/keyring/control: No such file or directory
Jun 20 14:34:55 virtualbox gnome-keyring-daemon[1256]: couldn't read 4 bytes from control socket: Connection reset by peer
Jun 20 14:34:58 virtualbox dbus[498]: [system] Rejected send message, 1 matched rules; type="method_call", sender=":1.45" (uid=1000 pid=1338 comm="/usr/lib/x86_64-linux-gnu/indicator-sound/indicato") interface="org.freedesktop.DBus.Properties" member="GetAll" error name="(unset)" requested_reply="0" destination=":1.62" (uid=0 pid=1496 comm="/usr/lib/x86_64-linux-gnu/unity-greeter-session-br")
Jun 20 14:34:58 virtualbox dbus[498]: [system] Rejected send message, 1 matched rules; type="method_call", sender=":1.45" (uid=1000 pid=1338 comm="/usr/lib/x86_64-linux-gnu/indicator-sound/indicato") interface="org.freedesktop.DBus.Properties" member="GetAll" error name="(unset)" requested_reply="0" destination=":1.62" (uid=0 pid=1496 comm="/usr/lib/x86_64-linux-gnu/unity-greeter-session-br")
Jun 20 14:34:59 virtualbox gnome-keyring-daemon[1256]: The SSH agent was already initialized
Jun 20 14:34:59 virtualbox polkitd(authority=local): Registered Authentication Agent for unix-session:c1 (system bus name :1.69 [/usr/lib/policykit-1-gnome/polkit-gnome-authentication-agent-1], object path /org/gnome/PolicyKit1/AuthenticationAgent, locale en_US.UTF-8)
Jun 20 14:35:23 virtualbox dbus[498]: [system] Failed to activate service 'org.bluez': timed out
Jun 20 14:35:44 virtualbox sudo: pam_unix(sudo:auth): authentication failure; logname= uid=1000 euid=0 tty=/dev/pts/0 ruser=user rhost=  user=user
Jun 20 14:35:49 virtualbox sudo:     user : TTY=pts/0 ; PWD=/home/user ; USER=root ; COMMAND=/usr/bin/apt update
Jun 20 14:35:49 virtualbox sudo: pam_unix(sudo:session): session opened for user root by (uid=0)
Jun 20 14:35:56 virtualbox sudo: pam_unix(sudo:session): session closed for user root
Jun 20 14:35:56 virtualbox sudo:     user : TTY=pts/0 ; PWD=/home/user ; USER=root ; COMMAND=/usr/bin/apt upgrade
Jun 20 14:35:56 virtualbox sudo: pam_unix(sudo:session): session opened for user root by (uid=0)
Jun 20 14:36:04 virtualbox pkexec: pam_unix(polkit-1:session): session opened for user root by (uid=1000)
Jun 20 14:36:04 virtualbox pkexec[2290]: user: Executing command [USER=root] [TTY=unknown] [CWD=/home/user] [COMMAND=/usr/lib/update-notifier/package-system-locked]
Jun 20 14:38:48 virtualbox sudo: pam_unix(sudo:session): session closed for user root
Jun 20 14:38:48 virtualbox sudo:     user : TTY=pts/0 ; PWD=/home/user ; USER=root ; COMMAND=/usr/bin/apt dist-upgrade
Jun 20 14:38:48 virtualbox sudo: pam_unix(sudo:session): session opened for user root by (uid=0)
Jun 20 14:38:48 virtualbox sudo: pam_unix(sudo:session): session closed for user root
Jun 20 14:38:55 virtualbox sudo:     user : TTY=pts/0 ; PWD=/home/user ; USER=root ; COMMAND=/usr/bin/apt dist-upgrade
Jun 20 14:38:55 virtualbox sudo: pam_unix(sudo:session): session opened for user root by (uid=0)
Jun 20 14:38:56 virtualbox sudo: pam_unix(sudo:session): session closed for user root
Jun 20 14:39:00 virtualbox sudo:     user : TTY=pts/0 ; PWD=/home/user ; USER=root ; COMMAND=/usr/bin/apt dist-upgrade
Jun 20 14:39:00 virtualbox sudo: pam_unix(sudo:session): session opened for user root by (uid=0)
Jun 20 14:39:01 virtualbox sudo: pam_unix(sudo:session): session closed for user root
Jun 20 14:39:02 virtualbox pkexec: pam_unix(polkit-1:session): session opened for user root by (uid=1000)
Jun 20 14:39:02 virtualbox pkexec[14087]: user: Executing command [USER=root] [TTY=unknown] [CWD=/home/user] [COMMAND=/usr/lib/update-notifier/package-system-locked]
Jun 20 14:39:49 virtualbox sudo:     user : TTY=pts/0 ; PWD=/home/user ; USER=root ; COMMAND=/usr/bin/apt install git
Jun 20 14:39:49 virtualbox sudo: pam_unix(sudo:session): session opened for user root by (uid=0)
Jun 20 14:39:57 virtualbox sudo: pam_unix(sudo:session): session closed for user root
Jun 20 14:41:52 virtualbox sudo:     user : TTY=pts/0 ; PWD=/ ; USER=root ; COMMAND=/usr/bin/git clone https://github.com/charmesal/ubuntu_git_test.git
Jun 20 14:41:52 virtualbox sudo: pam_unix(sudo:session): session opened for user root by (uid=0)
Jun 20 14:41:53 virtualbox sudo: pam_unix(sudo:session): session closed for user root
Jun 20 14:42:03 virtualbox pkexec: pam_unix(polkit-1:session): session opened for user root by (uid=1000)
Jun 20 14:42:03 virtualbox pkexec[16922]: user: Executing command [USER=root] [TTY=unknown] [CWD=/home/user] [COMMAND=/usr/lib/update-notifier/package-system-locked]
Jun 20 14:44:16 virtualbox sudo:     user : TTY=pts/0 ; PWD=/ ; USER=root ; COMMAND=/bin/bash
Jun 20 14:44:16 virtualbox sudo: pam_unix(sudo:session): session opened for user root by (uid=0)
Jun 20 14:48:03 virtualbox pkexec: pam_unix(polkit-1:session): session opened for user root by (uid=1000)
Jun 20 14:48:03 virtualbox pkexec[17947]: user: Executing command [USER=root] [TTY=unknown] [CWD=/home/user] [COMMAND=/usr/lib/update-notifier/package-system-locked]
