[     5.378] 
X.Org X Server 1.19.3
Release Date: 2017-03-15
[     5.378] X Protocol Version 11, Revision 0
[     5.378] Build Operating System: Linux 4.4.0-70-generic x86_64 Ubuntu
[     5.378] Current Operating System: Linux virtualbox 4.10.0-19-generic #21-Ubuntu SMP Thu Apr 6 17:04:57 UTC 2017 x86_64
[     5.378] Kernel command line: BOOT_IMAGE=/boot/vmlinuz-4.10.0-19-generic root=UUID=c486629a-8c47-4d0b-88aa-b6a9c08de0e7 ro quiet splash
[     5.378] Build Date: 28 March 2017  06:16:52AM
[     5.378] xorg-server 2:1.19.3-1ubuntu1 (For technical support please see http://www.ubuntu.com/support) 
[     5.378] Current version of pixman: 0.34.0
[     5.378] 	Before reporting problems, check http://wiki.x.org
	to make sure that you have the latest version.
[     5.378] Markers: (--) probed, (**) from config file, (==) default setting,
	(++) from command line, (!!) notice, (II) informational,
	(WW) warning, (EE) error, (NI) not implemented, (??) unknown.
[     5.378] (==) Log file: "/var/log/Xorg.0.log", Time: Tue Jun 20 14:34:54 2017
[     5.379] (==) Using system config directory "/usr/share/X11/xorg.conf.d"
[     5.380] (==) No Layout section.  Using the first Screen section.
[     5.380] (==) No screen section available. Using defaults.
[     5.380] (**) |-->Screen "Default Screen Section" (0)
[     5.380] (**) |   |-->Monitor "<default monitor>"
[     5.380] (==) No monitor specified for screen "Default Screen Section".
	Using a default monitor configuration.
[     5.380] (==) Automatically adding devices
[     5.380] (==) Automatically enabling devices
[     5.380] (==) Automatically adding GPU devices
[     5.380] (==) Automatically binding GPU devices
[     5.380] (==) Max clients allowed: 256, resource mask: 0x1fffff
[     5.380] (WW) The directory "/usr/share/fonts/X11/cyrillic" does not exist.
[     5.380] 	Entry deleted from font path.
[     5.380] (WW) The directory "/usr/share/fonts/X11/100dpi/" does not exist.
[     5.380] 	Entry deleted from font path.
[     5.380] (WW) The directory "/usr/share/fonts/X11/75dpi/" does not exist.
[     5.380] 	Entry deleted from font path.
[     5.380] (WW) The directory "/usr/share/fonts/X11/100dpi" does not exist.
[     5.380] 	Entry deleted from font path.
[     5.380] (WW) The directory "/usr/share/fonts/X11/75dpi" does not exist.
[     5.380] 	Entry deleted from font path.
[     5.380] (==) FontPath set to:
	/usr/share/fonts/X11/misc,
	/usr/share/fonts/X11/Type1,
	built-ins
[     5.380] (==) ModulePath set to "/usr/lib/x86_64-linux-gnu/xorg/extra-modules,/usr/lib/xorg/extra-modules,/usr/lib/xorg/modules"
[     5.380] (II) The server relies on udev to provide the list of input devices.
	If no devices become available, reconfigure udev or disable AutoAddDevices.
[     5.380] (II) Loader magic: 0x55ccc5058020
[     5.380] (II) Module ABI versions:
[     5.380] 	X.Org ANSI C Emulation: 0.4
[     5.380] 	X.Org Video Driver: 23.0
[     5.380] 	X.Org XInput driver : 24.1
[     5.380] 	X.Org Server Extension : 10.0
[     5.381] (++) using VT number 7

[     5.381] (II) systemd-logind: logind integration requires -keeptty and -keeptty was not provided, disabling logind integration
[     5.381] (II) xfree86: Adding drm device (/dev/dri/card0)
[     5.384] (--) PCI:*(0:0:2:0) 80ee:beef:0000:0000 rev 0, Mem @ 0xe0000000/134217728, BIOS @ 0x????????/131072
[     5.384] (II) LoadModule: "glx"
[     5.386] (II) Loading /usr/lib/xorg/modules/extensions/libglx.so
[     5.393] (II) Module glx: vendor="X.Org Foundation"
[     5.393] 	compiled for 1.19.3, module version = 1.0.0
[     5.393] 	ABI class: X.Org Server Extension, version 10.0
[     5.393] (==) Matched vboxvideo as autoconfigured driver 0
[     5.393] (==) Matched vboxvideo as autoconfigured driver 1
[     5.393] (==) Matched modesetting as autoconfigured driver 2
[     5.393] (==) Matched fbdev as autoconfigured driver 3
[     5.393] (==) Matched vesa as autoconfigured driver 4
[     5.393] (==) Assigned the driver to the xf86ConfigLayout
[     5.393] (II) LoadModule: "vboxvideo"
[     5.393] (WW) Warning, couldn't open module vboxvideo
[     5.393] (II) UnloadModule: "vboxvideo"
[     5.393] (II) Unloading vboxvideo
[     5.393] (EE) Failed to load module "vboxvideo" (module does not exist, 0)
[     5.393] (II) LoadModule: "modesetting"
[     5.393] (II) Loading /usr/lib/xorg/modules/drivers/modesetting_drv.so
[     5.394] (II) Module modesetting: vendor="X.Org Foundation"
[     5.394] 	compiled for 1.19.3, module version = 1.19.3
[     5.394] 	Module class: X.Org Video Driver
[     5.394] 	ABI class: X.Org Video Driver, version 23.0
[     5.394] (II) LoadModule: "fbdev"
[     5.394] (II) Loading /usr/lib/xorg/modules/drivers/fbdev_drv.so
[     5.394] (II) Module fbdev: vendor="X.Org Foundation"
[     5.394] 	compiled for 1.19.3, module version = 0.4.4
[     5.394] 	Module class: X.Org Video Driver
[     5.394] 	ABI class: X.Org Video Driver, version 23.0
[     5.394] (II) LoadModule: "vesa"
[     5.395] (II) Loading /usr/lib/xorg/modules/drivers/vesa_drv.so
[     5.395] (II) Module vesa: vendor="X.Org Foundation"
[     5.395] 	compiled for 1.19.3, module version = 2.3.4
[     5.395] 	Module class: X.Org Video Driver
[     5.395] 	ABI class: X.Org Video Driver, version 23.0
[     5.395] (==) Matched vboxvideo as autoconfigured driver 0
[     5.395] (==) Matched vboxvideo as autoconfigured driver 1
[     5.395] (==) Matched modesetting as autoconfigured driver 2
[     5.395] (==) Matched fbdev as autoconfigured driver 3
[     5.395] (==) Matched vesa as autoconfigured driver 4
[     5.395] (==) Assigned the driver to the xf86ConfigLayout
[     5.395] (II) LoadModule: "vboxvideo"
[     5.395] (WW) Warning, couldn't open module vboxvideo
[     5.395] (II) UnloadModule: "vboxvideo"
[     5.395] (II) Unloading vboxvideo
[     5.395] (EE) Failed to load module "vboxvideo" (module does not exist, 0)
[     5.395] (II) LoadModule: "modesetting"
[     5.395] (II) Loading /usr/lib/xorg/modules/drivers/modesetting_drv.so
[     5.395] (II) Module modesetting: vendor="X.Org Foundation"
[     5.395] 	compiled for 1.19.3, module version = 1.19.3
[     5.395] 	Module class: X.Org Video Driver
[     5.395] 	ABI class: X.Org Video Driver, version 23.0
[     5.395] (II) UnloadModule: "modesetting"
[     5.395] (II) Unloading modesetting
[     5.395] (II) Failed to load module "modesetting" (already loaded, 0)
[     5.395] (II) LoadModule: "fbdev"
[     5.396] (II) Loading /usr/lib/xorg/modules/drivers/fbdev_drv.so
[     5.396] (II) Module fbdev: vendor="X.Org Foundation"
[     5.396] 	compiled for 1.19.3, module version = 0.4.4
[     5.396] 	Module class: X.Org Video Driver
[     5.396] 	ABI class: X.Org Video Driver, version 23.0
[     5.396] (II) UnloadModule: "fbdev"
[     5.396] (II) Unloading fbdev
[     5.396] (II) Failed to load module "fbdev" (already loaded, 0)
[     5.396] (II) LoadModule: "vesa"
[     5.396] (II) Loading /usr/lib/xorg/modules/drivers/vesa_drv.so
[     5.396] (II) Module vesa: vendor="X.Org Foundation"
[     5.396] 	compiled for 1.19.3, module version = 2.3.4
[     5.396] 	Module class: X.Org Video Driver
[     5.396] 	ABI class: X.Org Video Driver, version 23.0
[     5.396] (II) UnloadModule: "vesa"
[     5.396] (II) Unloading vesa
[     5.396] (II) Failed to load module "vesa" (already loaded, 0)
[     5.396] (II) modesetting: Driver for Modesetting Kernel Drivers: kms
[     5.396] (II) FBDEV: driver for framebuffer: fbdev
[     5.396] (II) VESA: driver for VESA chipsets: vesa
[     5.398] (II) modeset(0): using drv /dev/dri/card0
[     5.399] (WW) Falling back to old probe method for fbdev
[     5.399] (II) Loading sub module "fbdevhw"
[     5.399] (II) LoadModule: "fbdevhw"
[     5.399] (II) Loading /usr/lib/xorg/modules/libfbdevhw.so
[     5.400] (II) Module fbdevhw: vendor="X.Org Foundation"
[     5.400] 	compiled for 1.19.3, module version = 0.0.2
[     5.400] 	ABI class: X.Org Video Driver, version 23.0
[     5.400] (WW) Falling back to old probe method for vesa
[     5.400] (II) modeset(0): Creating default Display subsection in Screen section
	"Default Screen Section" for depth/fbbpp 24/32
[     5.400] (==) modeset(0): Depth 24, (==) framebuffer bpp 32
[     5.400] (==) modeset(0): RGB weight 888
[     5.400] (==) modeset(0): Default visual is TrueColor
[     5.400] (II) Loading sub module "glamoregl"
[     5.400] (II) LoadModule: "glamoregl"
[     5.400] (II) Loading /usr/lib/xorg/modules/libglamoregl.so
[     5.406] (II) Module glamoregl: vendor="X.Org Foundation"
[     5.406] 	compiled for 1.19.3, module version = 1.0.0
[     5.406] 	ABI class: X.Org ANSI C Emulation, version 0.4
[     5.406] (II) glamor: OpenGL accelerated X.org driver based.
[     5.571] (II) glamor: EGL version 1.4 (DRI2):
[     5.571] EGL_MESA_drm_image required.
[     5.572] (EE) modeset(0): glamor initialization failed
[     5.572] (II) modeset(0): ShadowFB: preferred NO, enabled NO
[     5.573] (II) modeset(0): Output VGA-1 has no monitor section
[     5.573] (II) modeset(0): EDID for output VGA-1
[     5.573] (II) modeset(0): Manufacturer: VBX  Model: 0  Serial#: 39322400
[     5.573] (II) modeset(0): Year: 1990  Week: 1
[     5.573] (II) modeset(0): EDID Version: 1.3
[     5.573] (II) modeset(0): Digital Display Input
[     5.573] (II) modeset(0): Indeterminate output size
[     5.573] (II) modeset(0): Gamma: 2.20
[     5.573] (II) modeset(0): DPMS capabilities: StandBy Suspend Off
[     5.573] (II) modeset(0): Supported color encodings: RGB 4:4:4 YCrCb 4:4:4 
[     5.573] (II) modeset(0): Default color space is primary color space
[     5.573] (II) modeset(0): First detailed timing is preferred mode
[     5.573] (II) modeset(0): redX: 0.640 redY: 0.330   greenX: 0.300 greenY: 0.600
[     5.573] (II) modeset(0): blueX: 0.150 blueY: 0.060   whiteX: 0.312 whiteY: 0.329
[     5.573] (II) modeset(0): Manufacturer's mask: 0
[     5.573] (II) modeset(0): Supported detailed timing:
[     5.573] (II) modeset(0): clock: 29.3 MHz   Image Size:  0 x 0 mm
[     5.573] (II) modeset(0): h_active: 800  h_sync: 802  h_sync_end 804 h_blank_end 806 h_border: 0
[     5.573] (II) modeset(0): v_active: 600  v_sync: 600  v_sync_end 634 v_blanking: 606 v_border: 0
[     5.573] (II) modeset(0): Ranges: V min: 0 V max: 200 Hz, H min: 0 H max: 200 kHz, PixClock max 1005 MHz
[     5.573] (II) modeset(0): Monitor name: VBOX monitor
[     5.573] (II) modeset(0): EDID (in hex):
[     5.573] (II) modeset(0): 	00ffffffffffff005858000020035802
[     5.573] (II) modeset(0): 	0100010380000078eeee91a3544c9926
[     5.573] (II) modeset(0): 	0f505400000001010101010101010101
[     5.573] (II) modeset(0): 	010101010101720b2006305806200202
[     5.573] (II) modeset(0): 	0202000000000000000000fd0000c800
[     5.573] (II) modeset(0): 	c864000a202020202020000000fc0056
[     5.573] (II) modeset(0): 	424f58206d6f6e69746f720a00000010
[     5.573] (II) modeset(0): 	000a202020202020202020202020008f
[     5.573] (II) modeset(0): Printing probed modes for output VGA-1
[     5.573] (II) modeset(0): Modeline "800x600"x60.0   38.31  800 832 912 1024  600 603 607 624 -hsync +vsync (37.4 kHz P)
[     5.573] (II) modeset(0): Modeline "2560x1600"x60.0  348.50  2560 2752 3032 3504  1600 1603 1609 1658 -hsync +vsync (99.5 kHz e)
[     5.573] (II) modeset(0): Modeline "2560x1600"x60.0  268.50  2560 2608 2640 2720  1600 1603 1609 1646 +hsync -vsync (98.7 kHz e)
[     5.573] (II) modeset(0): Modeline "1920x1440"x60.0  234.00  1920 2048 2256 2600  1440 1441 1444 1500 -hsync +vsync (90.0 kHz e)
[     5.573] (II) modeset(0): Modeline "1856x1392"x60.0  218.25  1856 1952 2176 2528  1392 1393 1396 1439 -hsync +vsync (86.3 kHz e)
[     5.573] (II) modeset(0): Modeline "1792x1344"x60.0  204.75  1792 1920 2120 2448  1344 1345 1348 1394 -hsync +vsync (83.6 kHz e)
[     5.573] (II) modeset(0): Modeline "2048x1152"x60.0  162.00  2048 2074 2154 2250  1152 1153 1156 1200 +hsync +vsync (72.0 kHz e)
[     5.573] (II) modeset(0): Modeline "1920x1200"x59.9  193.25  1920 2056 2256 2592  1200 1203 1209 1245 -hsync +vsync (74.6 kHz e)
[     5.573] (II) modeset(0): Modeline "1920x1200"x60.0  154.00  1920 1968 2000 2080  1200 1203 1209 1235 +hsync -vsync (74.0 kHz e)
[     5.573] (II) modeset(0): Modeline "1920x1080"x60.0  148.50  1920 2008 2052 2200  1080 1084 1089 1125 -hsync -vsync (67.5 kHz e)
[     5.573] (II) modeset(0): Modeline "1600x1200"x60.0  162.00  1600 1664 1856 2160  1200 1201 1204 1250 +hsync +vsync (75.0 kHz e)
[     5.573] (II) modeset(0): Modeline "1680x1050"x60.0  146.25  1680 1784 1960 2240  1050 1053 1059 1089 -hsync +vsync (65.3 kHz e)
[     5.573] (II) modeset(0): Modeline "1680x1050"x59.9  119.00  1680 1728 1760 1840  1050 1053 1059 1080 +hsync -vsync (64.7 kHz e)
[     5.573] (II) modeset(0): Modeline "1400x1050"x60.0  121.75  1400 1488 1632 1864  1050 1053 1057 1089 -hsync +vsync (65.3 kHz e)
[     5.573] (II) modeset(0): Modeline "1400x1050"x59.9  101.00  1400 1448 1480 1560  1050 1053 1057 1080 +hsync -vsync (64.7 kHz e)
[     5.573] (II) modeset(0): Modeline "1600x900"x60.0  108.00  1600 1624 1704 1800  900 901 904 1000 +hsync +vsync (60.0 kHz e)
[     5.573] (II) modeset(0): Modeline "1280x1024"x60.0  108.00  1280 1328 1440 1688  1024 1025 1028 1066 +hsync +vsync (64.0 kHz e)
[     5.573] (II) modeset(0): Modeline "1440x900"x59.9  106.50  1440 1520 1672 1904  900 903 909 934 -hsync +vsync (55.9 kHz e)
[     5.573] (II) modeset(0): Modeline "1440x900"x59.9   88.75  1440 1488 1520 1600  900 903 909 926 +hsync -vsync (55.5 kHz e)
[     5.573] (II) modeset(0): Modeline "1280x960"x60.0  108.00  1280 1376 1488 1800  960 961 964 1000 +hsync +vsync (60.0 kHz e)
[     5.573] (II) modeset(0): Modeline "1366x768"x59.8   85.50  1366 1436 1579 1792  768 771 774 798 +hsync +vsync (47.7 kHz e)
[     5.573] (II) modeset(0): Modeline "1366x768"x60.0   72.00  1366 1380 1436 1500  768 769 772 800 +hsync +vsync (48.0 kHz e)
[     5.573] (II) modeset(0): Modeline "1360x768"x60.0   85.50  1360 1424 1536 1792  768 771 777 795 +hsync +vsync (47.7 kHz e)
[     5.573] (II) modeset(0): Modeline "1280x800"x59.8   83.50  1280 1352 1480 1680  800 803 809 831 -hsync +vsync (49.7 kHz e)
[     5.573] (II) modeset(0): Modeline "1280x800"x59.9   71.00  1280 1328 1360 1440  800 803 809 823 +hsync -vsync (49.3 kHz e)
[     5.573] (II) modeset(0): Modeline "1280x768"x59.9   79.50  1280 1344 1472 1664  768 771 778 798 -hsync +vsync (47.8 kHz e)
[     5.573] (II) modeset(0): Modeline "1280x768"x60.0   68.25  1280 1328 1360 1440  768 771 778 790 +hsync -vsync (47.4 kHz e)
[     5.573] (II) modeset(0): Modeline "1280x720"x60.0   74.25  1280 1390 1430 1650  720 725 730 750 +hsync +vsync (45.0 kHz e)
[     5.573] (II) modeset(0): Modeline "1024x768"x60.0   65.00  1024 1048 1184 1344  768 771 777 806 -hsync -vsync (48.4 kHz e)
[     5.573] (II) modeset(0): Modeline "800x600"x60.3   40.00  800 840 968 1056  600 601 605 628 +hsync +vsync (37.9 kHz e)
[     5.573] (II) modeset(0): Modeline "800x600"x56.2   36.00  800 824 896 1024  600 601 603 625 +hsync +vsync (35.2 kHz e)
[     5.573] (II) modeset(0): Modeline "848x480"x60.0   33.75  848 864 976 1088  480 486 494 517 +hsync +vsync (31.0 kHz e)
[     5.573] (II) modeset(0): Modeline "640x480"x59.9   25.18  640 656 752 800  480 490 492 525 -hsync -vsync (31.5 kHz e)
[     5.573] (II) modeset(0): Output VGA-1 connected
[     5.573] (II) modeset(0): Using exact sizes for initial modes
[     5.573] (II) modeset(0): Output VGA-1 using initial mode 800x600 +0+0
[     5.573] (==) modeset(0): Using gamma correction (1.0, 1.0, 1.0)
[     5.573] (==) modeset(0): DPI set to (96, 96)
[     5.573] (II) Loading sub module "fb"
[     5.573] (II) LoadModule: "fb"
[     5.573] (II) Loading /usr/lib/xorg/modules/libfb.so
[     5.575] (II) Module fb: vendor="X.Org Foundation"
[     5.575] 	compiled for 1.19.3, module version = 1.0.0
[     5.575] 	ABI class: X.Org ANSI C Emulation, version 0.4
[     5.575] (II) UnloadModule: "fbdev"
[     5.575] (II) Unloading fbdev
[     5.575] (II) UnloadSubModule: "fbdevhw"
[     5.575] (II) Unloading fbdevhw
[     5.575] (II) UnloadModule: "vesa"
[     5.575] (II) Unloading vesa
[     5.575] (==) Depth 24 pixmap format is 32 bpp
[     5.576] (==) modeset(0): Backing store enabled
[     5.576] (==) modeset(0): Silken mouse enabled
[     5.576] (II) modeset(0): RandR 1.2 enabled, ignore the following RandR disabled message.
[     5.577] (==) modeset(0): DPMS enabled
[     5.577] (--) RandR disabled
[     5.579] (II) SELinux: Disabled on system
[     5.580] (II) AIGLX: Screen 0 is not DRI2 capable
[     5.580] (EE) AIGLX: reverting to software rendering
[     5.605] (II) IGLX: enabled GLX_MESA_copy_sub_buffer
[     5.606] (II) IGLX: Loaded and initialized swrast
[     5.606] (II) GLX: Initialized DRISWRAST GL provider for screen 0
[     5.606] (II) modeset(0): Damage tracking initialized
[     5.606] (II) modeset(0): Setting screen physical size to 211 x 158
[     5.639] (II) config/udev: Adding input device Power Button (/dev/input/event0)
[     5.640] (**) Power Button: Applying InputClass "libinput keyboard catchall"
[     5.640] (II) LoadModule: "libinput"
[     5.640] (II) Loading /usr/lib/xorg/modules/input/libinput_drv.so
[     5.645] (II) Module libinput: vendor="X.Org Foundation"
[     5.645] 	compiled for 1.19.3, module version = 0.25.0
[     5.645] 	Module class: X.Org XInput Driver
[     5.645] 	ABI class: X.Org XInput driver, version 24.1
[     5.645] (II) Using input driver 'libinput' for 'Power Button'
[     5.645] (**) Power Button: always reports core events
[     5.645] (**) Option "Device" "/dev/input/event0"
[     5.645] (**) Option "_source" "server/udev"
[     5.645] (II) input device 'Power Button', /dev/input/event0 is tagged by udev as: Keyboard
[     5.645] (II) input device 'Power Button', /dev/input/event0 is a keyboard
[     5.664] (**) Option "config_info" "udev:/sys/devices/LNXSYSTM:00/LNXPWRBN:00/input/input0/event0"
[     5.664] (II) XINPUT: Adding extended input device "Power Button" (type: KEYBOARD, id 6)
[     5.664] (**) Option "xkb_model" "pc105"
[     5.664] (**) Option "xkb_layout" "us"
[     5.664] (**) Option "xkb_variant" "intl"
[     5.677] (II) input device 'Power Button', /dev/input/event0 is tagged by udev as: Keyboard
[     5.677] (II) input device 'Power Button', /dev/input/event0 is a keyboard
[     5.677] (II) config/udev: Adding input device Sleep Button (/dev/input/event1)
[     5.677] (**) Sleep Button: Applying InputClass "libinput keyboard catchall"
[     5.677] (II) Using input driver 'libinput' for 'Sleep Button'
[     5.678] (**) Sleep Button: always reports core events
[     5.678] (**) Option "Device" "/dev/input/event1"
[     5.678] (**) Option "_source" "server/udev"
[     5.678] (II) input device 'Sleep Button', /dev/input/event1 is tagged by udev as: Keyboard
[     5.678] (II) input device 'Sleep Button', /dev/input/event1 is a keyboard
[     5.696] (**) Option "config_info" "udev:/sys/devices/LNXSYSTM:00/LNXSLPBN:00/input/input1/event1"
[     5.696] (II) XINPUT: Adding extended input device "Sleep Button" (type: KEYBOARD, id 7)
[     5.696] (**) Option "xkb_model" "pc105"
[     5.696] (**) Option "xkb_layout" "us"
[     5.696] (**) Option "xkb_variant" "intl"
[     5.696] (II) input device 'Sleep Button', /dev/input/event1 is tagged by udev as: Keyboard
[     5.696] (II) input device 'Sleep Button', /dev/input/event1 is a keyboard
[     5.696] (II) config/udev: Adding input device Video Bus (/dev/input/event3)
[     5.697] (**) Video Bus: Applying InputClass "libinput keyboard catchall"
[     5.697] (II) Using input driver 'libinput' for 'Video Bus'
[     5.697] (**) Video Bus: always reports core events
[     5.697] (**) Option "Device" "/dev/input/event3"
[     5.697] (**) Option "_source" "server/udev"
[     5.697] (II) input device 'Video Bus', /dev/input/event3 is tagged by udev as: Keyboard
[     5.697] (II) input device 'Video Bus', /dev/input/event3 is a keyboard
[     5.712] (**) Option "config_info" "udev:/sys/devices/LNXSYSTM:00/LNXSYBUS:00/PNP0A03:00/LNXVIDEO:00/input/input4/event3"
[     5.712] (II) XINPUT: Adding extended input device "Video Bus" (type: KEYBOARD, id 8)
[     5.712] (**) Option "xkb_model" "pc105"
[     5.712] (**) Option "xkb_layout" "us"
[     5.712] (**) Option "xkb_variant" "intl"
[     5.712] (II) input device 'Video Bus', /dev/input/event3 is tagged by udev as: Keyboard
[     5.712] (II) input device 'Video Bus', /dev/input/event3 is a keyboard
[     5.712] (II) config/udev: Adding input device VirtualBox mouse integration (/dev/input/event6)
[     5.712] (**) VirtualBox mouse integration: Applying InputClass "libinput pointer catchall"
[     5.712] (II) Using input driver 'libinput' for 'VirtualBox mouse integration'
[     5.712] (**) VirtualBox mouse integration: always reports core events
[     5.712] (**) Option "Device" "/dev/input/event6"
[     5.712] (**) Option "_source" "server/udev"
[     5.713] (II) input device 'VirtualBox mouse integration', /dev/input/event6 is tagged by udev as: Mouse
[     5.713] (II) input device 'VirtualBox mouse integration', /dev/input/event6 is a pointer caps
[     5.744] (**) Option "config_info" "udev:/sys/devices/pci0000:00/0000:00:04.0/input/input7/event6"
[     5.744] (II) XINPUT: Adding extended input device "VirtualBox mouse integration" (type: MOUSE, id 9)
[     5.744] (**) Option "AccelerationScheme" "none"
[     5.744] (**) VirtualBox mouse integration: (accel) selected scheme none/0
[     5.744] (**) VirtualBox mouse integration: (accel) acceleration factor: 2.000
[     5.744] (**) VirtualBox mouse integration: (accel) acceleration threshold: 4
[     5.744] (II) input device 'VirtualBox mouse integration', /dev/input/event6 is tagged by udev as: Mouse
[     5.744] (II) input device 'VirtualBox mouse integration', /dev/input/event6 is a pointer caps
[     5.744] (II) config/udev: Adding input device VirtualBox mouse integration (/dev/input/js1)
[     5.744] (II) No input driver specified, ignoring this device.
[     5.744] (II) This device may have been added with another device file.
[     5.745] (II) config/udev: Adding input device VirtualBox USB Tablet (/dev/input/event5)
[     5.745] (**) VirtualBox USB Tablet: Applying InputClass "libinput pointer catchall"
[     5.745] (II) Using input driver 'libinput' for 'VirtualBox USB Tablet'
[     5.745] (**) VirtualBox USB Tablet: always reports core events
[     5.745] (**) Option "Device" "/dev/input/event5"
[     5.745] (**) Option "_source" "server/udev"
[     5.804] (II) input device 'VirtualBox USB Tablet', /dev/input/event5 is tagged by udev as: Mouse
[     5.804] (II) input device 'VirtualBox USB Tablet', /dev/input/event5 is a pointer caps
[     5.844] (**) Option "config_info" "udev:/sys/devices/pci0000:00/0000:00:06.0/usb2/2-1/2-1:1.0/0003:80EE:0021.0001/input/input6/event5"
[     5.844] (II) XINPUT: Adding extended input device "VirtualBox USB Tablet" (type: MOUSE, id 10)
[     5.845] (**) Option "AccelerationScheme" "none"
[     5.845] (**) VirtualBox USB Tablet: (accel) selected scheme none/0
[     5.845] (**) VirtualBox USB Tablet: (accel) acceleration factor: 2.000
[     5.845] (**) VirtualBox USB Tablet: (accel) acceleration threshold: 4
[     5.905] (II) input device 'VirtualBox USB Tablet', /dev/input/event5 is tagged by udev as: Mouse
[     5.905] (II) input device 'VirtualBox USB Tablet', /dev/input/event5 is a pointer caps
[     5.906] (II) config/udev: Adding input device VirtualBox USB Tablet (/dev/input/js0)
[     5.906] (II) No input driver specified, ignoring this device.
[     5.906] (II) This device may have been added with another device file.
[     5.906] (II) config/udev: Adding input device VirtualBox USB Tablet (/dev/input/mouse1)
[     5.906] (II) No input driver specified, ignoring this device.
[     5.906] (II) This device may have been added with another device file.
[     5.906] (II) config/udev: Adding input device AT Translated Set 2 keyboard (/dev/input/event2)
[     5.906] (**) AT Translated Set 2 keyboard: Applying InputClass "libinput keyboard catchall"
[     5.906] (II) Using input driver 'libinput' for 'AT Translated Set 2 keyboard'
[     5.906] (**) AT Translated Set 2 keyboard: always reports core events
[     5.906] (**) Option "Device" "/dev/input/event2"
[     5.906] (**) Option "_source" "server/udev"
[     5.906] (II) input device 'AT Translated Set 2 keyboard', /dev/input/event2 is tagged by udev as: Keyboard
[     5.906] (II) input device 'AT Translated Set 2 keyboard', /dev/input/event2 is a keyboard
[     5.925] (**) Option "config_info" "udev:/sys/devices/platform/i8042/serio0/input/input2/event2"
[     5.925] (II) XINPUT: Adding extended input device "AT Translated Set 2 keyboard" (type: KEYBOARD, id 11)
[     5.925] (**) Option "xkb_model" "pc105"
[     5.925] (**) Option "xkb_layout" "us"
[     5.925] (**) Option "xkb_variant" "intl"
[     5.926] (II) input device 'AT Translated Set 2 keyboard', /dev/input/event2 is tagged by udev as: Keyboard
[     5.926] (II) input device 'AT Translated Set 2 keyboard', /dev/input/event2 is a keyboard
[     5.926] (II) config/udev: Adding input device ImExPS/2 Generic Explorer Mouse (/dev/input/event4)
[     5.926] (**) ImExPS/2 Generic Explorer Mouse: Applying InputClass "libinput pointer catchall"
[     5.926] (II) Using input driver 'libinput' for 'ImExPS/2 Generic Explorer Mouse'
[     5.926] (**) ImExPS/2 Generic Explorer Mouse: always reports core events
[     5.926] (**) Option "Device" "/dev/input/event4"
[     5.926] (**) Option "_source" "server/udev"
[     5.926] (II) input device 'ImExPS/2 Generic Explorer Mouse', /dev/input/event4 is tagged by udev as: Mouse
[     5.926] (II) input device 'ImExPS/2 Generic Explorer Mouse', /dev/input/event4 is a pointer caps
[     5.966] (**) Option "config_info" "udev:/sys/devices/platform/i8042/serio1/input/input5/event4"
[     5.966] (II) XINPUT: Adding extended input device "ImExPS/2 Generic Explorer Mouse" (type: MOUSE, id 12)
[     5.966] (**) Option "AccelerationScheme" "none"
[     5.966] (**) ImExPS/2 Generic Explorer Mouse: (accel) selected scheme none/0
[     5.966] (**) ImExPS/2 Generic Explorer Mouse: (accel) acceleration factor: 2.000
[     5.966] (**) ImExPS/2 Generic Explorer Mouse: (accel) acceleration threshold: 4
[     5.966] (II) input device 'ImExPS/2 Generic Explorer Mouse', /dev/input/event4 is tagged by udev as: Mouse
[     5.966] (II) input device 'ImExPS/2 Generic Explorer Mouse', /dev/input/event4 is a pointer caps
[     5.967] (II) config/udev: Adding input device ImExPS/2 Generic Explorer Mouse (/dev/input/mouse0)
[     5.967] (II) No input driver specified, ignoring this device.
[     5.967] (II) This device may have been added with another device file.
[     9.844] (II) modeset(0): EDID vendor "VBX", prod id 0
[     9.844] (II) modeset(0): DDCModeFromDetailedTiming: 800x600 Warning: We only handle separate sync.
[     9.844] (II) modeset(0): Using EDID range info for horizontal sync
[     9.844] (II) modeset(0): Using EDID range info for vertical refresh
[    10.388] (II) modeset(0): EDID vendor "VBX", prod id 0
[    10.388] (II) modeset(0): DDCModeFromDetailedTiming: 800x600 Warning: We only handle separate sync.
[    10.388] (II) modeset(0): Using hsync ranges from config file
[    10.388] (II) modeset(0): Using vrefresh ranges from config file
[    11.036] (II) modeset(0): EDID vendor "VBX", prod id 0
[    11.036] (II) modeset(0): DDCModeFromDetailedTiming: 800x600 Warning: We only handle separate sync.
[    11.036] (II) modeset(0): Using hsync ranges from config file
[    11.036] (II) modeset(0): Using vrefresh ranges from config file
[    11.123] (II) modeset(0): EDID vendor "VBX", prod id 0
[    11.123] (II) modeset(0): DDCModeFromDetailedTiming: 800x600 Warning: We only handle separate sync.
[    11.123] (II) modeset(0): Using hsync ranges from config file
[    11.123] (II) modeset(0): Using vrefresh ranges from config file
[    33.098] (II) modeset(0): EDID vendor "VBX", prod id 0
[    33.098] (II) modeset(0): DDCModeFromDetailedTiming: 1164x833 Warning: We only handle separate sync.
[    33.098] (II) modeset(0): Using hsync ranges from config file
[    33.098] (II) modeset(0): Using vrefresh ranges from config file
[    33.100] (II) modeset(0): EDID vendor "VBX", prod id 0
[    33.100] (II) modeset(0): DDCModeFromDetailedTiming: 1164x833 Warning: We only handle separate sync.
[    33.100] (II) modeset(0): Using hsync ranges from config file
[    33.100] (II) modeset(0): Using vrefresh ranges from config file
[    33.103] (II) modeset(0): Allocate new frame buffer 1160x833 stride
[    33.253] (II) modeset(0): EDID vendor "VBX", prod id 0
[    33.253] (II) modeset(0): DDCModeFromDetailedTiming: 1160x833 Warning: We only handle separate sync.
[    33.253] (II) modeset(0): Using hsync ranges from config file
[    33.253] (II) modeset(0): Using vrefresh ranges from config file
[    33.255] (II) modeset(0): EDID vendor "VBX", prod id 0
[    33.255] (II) modeset(0): DDCModeFromDetailedTiming: 1160x833 Warning: We only handle separate sync.
[    33.255] (II) modeset(0): Using hsync ranges from config file
[    33.255] (II) modeset(0): Using vrefresh ranges from config file
[    33.256] (II) modeset(0): EDID vendor "VBX", prod id 0
[    33.256] (II) modeset(0): DDCModeFromDetailedTiming: 1160x833 Warning: We only handle separate sync.
[    33.256] (II) modeset(0): Using hsync ranges from config file
[    33.256] (II) modeset(0): Using vrefresh ranges from config file
[    33.259] (II) modeset(0): EDID vendor "VBX", prod id 0
[    33.259] (II) modeset(0): DDCModeFromDetailedTiming: 1160x833 Warning: We only handle separate sync.
[    33.259] (II) modeset(0): Using hsync ranges from config file
[    33.259] (II) modeset(0): Using vrefresh ranges from config file
[    33.268] (II) modeset(0): EDID vendor "VBX", prod id 0
[    33.268] (II) modeset(0): DDCModeFromDetailedTiming: 1160x833 Warning: We only handle separate sync.
[    33.268] (II) modeset(0): Using hsync ranges from config file
[    33.268] (II) modeset(0): Using vrefresh ranges from config file
[    33.282] (II) modeset(0): EDID vendor "VBX", prod id 0
[    33.282] (II) modeset(0): DDCModeFromDetailedTiming: 1160x833 Warning: We only handle separate sync.
[    33.282] (II) modeset(0): Using hsync ranges from config file
[    33.282] (II) modeset(0): Using vrefresh ranges from config file
[   552.495] (II) modeset(0): EDID vendor "VBX", prod id 0
[   552.495] (II) modeset(0): DDCModeFromDetailedTiming: 1855x1034 Warning: We only handle separate sync.
[   552.495] (II) modeset(0): Using hsync ranges from config file
[   552.495] (II) modeset(0): Using vrefresh ranges from config file
[   552.509] (II) modeset(0): EDID vendor "VBX", prod id 0
[   552.510] (II) modeset(0): DDCModeFromDetailedTiming: 1855x1034 Warning: We only handle separate sync.
[   552.510] (II) modeset(0): Using hsync ranges from config file
[   552.510] (II) modeset(0): Using vrefresh ranges from config file
[   552.511] (II) modeset(0): Allocate new frame buffer 1848x1034 stride
